<?xml version="1.0" encoding="UTF-8"?>
<testsuite xmlns:xsi="http://www.w3.org/2001/XMLSchema-instance" xsi:noNamespaceSchemaLocation="https://maven.apache.org/surefire/maven-surefire-plugin/xsd/surefire-test-report-3.0.xsd" version="3.0" name="io.helidon.examples.quickstart.mp.modules.sample.MainTest" time="1.293" tests="5" errors="0" skipped="0" failures="0">
  <properties>
[...]
</properties>
  <testcase name="testGreetings" classname="io.helidon.examples.quickstart.mp.modules.sample.MainTest" time="0.194">
    <system-out><![CDATA[2023.08.29 14:37:04 INFO io.helidon.common.LogConfig Thread[main,5,main]: Logging at initialization configured using /Users/jiadong.chen/git/nuxt-helidon-practice/helidon/helidon-quickstart-mp/target/classes/logging.properties
2023.08.29 14:37:04 INFO io.helidon.microprofile.server.ServerCdiExtension Thread[main,5,main]: Registering JAX-RS Application: HelidonMP
2023.08.29 14:37:05 INFO io.helidon.webserver.NettyWebServer Thread[nioEventLoopGroup-2-1,10,main]: Channel '@default' started: [id: 0xbc3f30a9, L:/[0:0:0:0:0:0:0:0]:58655]
2023.08.29 14:37:05 INFO io.helidon.microprofile.server.ServerCdiExtension Thread[main,5,main]: Server started on http://localhost:58655 (and all other host addresses) in 1179 milliseconds (since JVM startup).
2023.08.29 14:37:05 INFO io.helidon.common.HelidonFeatures Thread[features-thread,5,main]: Helidon MP 3.2.2 features: [CDI, Config, Health, JAX-RS, Metrics, Open API, Server]
]]></system-out>
  </testcase>
  <testcase name="testGreet" classname="io.helidon.examples.quickstart.mp.modules.sample.MainTest" time="0.008"/>
  <testcase name="testMetrics" classname="io.helidon.examples.quickstart.mp.modules.sample.MainTest" time="0.017"/>
  <testcase name="testHealth" classname="io.helidon.examples.quickstart.mp.modules.sample.MainTest" time="0.01"/>
  <testcase name="testMicroprofileMetrics" classname="io.helidon.examples.quickstart.mp.modules.sample.MainTest" time="0.011"/>
</testsuite>